<?xml version="1.0" encoding="UTF-8"?>
<testng-results ignored="0" total="2" passed="2" failed="0" skipped="0">
  <reporter-output>
  </reporter-output>
  <suite started-at="2021-07-29T15:02:47 IST" name="Default suite" finished-at="2021-07-29T15:02:55 IST" duration-ms="7194">
    <groups>
    </groups>
    <test started-at="2021-07-29T15:02:47 IST" name="Default test" finished-at="2021-07-29T15:02:55 IST" duration-ms="7194">
      <class name="GenerateLog.Test1">
        <test-method is-config="true" signature="InititaliseBrowser()[pri:0, instance:GenerateLog.Test1@1e800aaa]" started-at="2021-07-29T15:02:47 IST" name="InititaliseBrowser" finished-at="2021-07-29T15:02:51 IST" duration-ms="3816" status="PASS">
          <reporter-output>
          </reporter-output>
        </test-method> <!-- InititaliseBrowser -->
        <test-method signature="Linktest()[pri:0, instance:GenerateLog.Test1@1e800aaa]" started-at="2021-07-29T15:02:51 IST" name="Linktest" finished-at="2021-07-29T15:02:51 IST" duration-ms="110" status="PASS">
          <reporter-output>
          </reporter-output>
        </test-method> <!-- Linktest -->
        <test-method is-config="true" signature="tearDown()[pri:0, instance:GenerateLog.Test1@1e800aaa]" started-at="2021-07-29T15:02:51 IST" name="tearDown" finished-at="2021-07-29T15:02:51 IST" duration-ms="187" status="PASS">
          <reporter-output>
          </reporter-output>
        </test-method> <!-- tearDown -->
        <test-method is-config="true" signature="InititaliseBrowser()[pri:0, instance:GenerateLog.Test1@1e800aaa]" started-at="2021-07-29T15:02:51 IST" name="InititaliseBrowser" finished-at="2021-07-29T15:02:54 IST" duration-ms="2863" status="PASS">
          <reporter-output>
          </reporter-output>
        </test-method> <!-- InititaliseBrowser -->
        <test-method signature="Titletest()[pri:0, instance:GenerateLog.Test1@1e800aaa]" started-at="2021-07-29T15:02:54 IST" name="Titletest" finished-at="2021-07-29T15:02:54 IST" duration-ms="8" status="PASS">
          <reporter-output>
          </reporter-output>
        </test-method> <!-- Titletest -->
        <test-method is-config="true" signature="tearDown()[pri:0, instance:GenerateLog.Test1@1e800aaa]" started-at="2021-07-29T15:02:54 IST" name="tearDown" finished-at="2021-07-29T15:02:55 IST" duration-ms="168" status="PASS">
          <reporter-output>
          </reporter-output>
        </test-method> <!-- tearDown -->
      </class> <!-- GenerateLog.Test1 -->
    </test> <!-- Default test -->
  </suite> <!-- Default suite -->
</testng-results>
